<?xml version="1.0" encoding="UTF-8"?>
<!-- Generated by org.testng.reporters.JUnitXMLReporter -->
<testsuite ignored="0" hostname="LAP-286-D3DB" failures="0" tests="4" name="Test" time="3.828" errors="0" timestamp="2024-09-09T14:24:33 IST">
  <testcase classname="day8.CreateUser" name="test_CreateUser" time="2.017"/>
  <testcase classname="day8.getUser" name="test_GetUser" time="0.632"/>
  <testcase classname="day8.UpdateUser" name="test_UpdateUser" time="0.453"/>
  <testcase classname="day8.DeleteUser" name="test_DeleteUserByID" time="0.695"/>
</testsuite> <!-- Test -->
