<?xml version="1.0" encoding="UTF-8"?>
<testng-results ignored="0" total="4" passed="4" failed="0" skipped="0">
  <reporter-output>
  </reporter-output>
  <suite started-at="2024-09-09T14:24:29 IST" name="Suite" finished-at="2024-09-09T14:24:33 IST" duration-ms="3828">
    <groups>
    </groups>
    <test started-at="2024-09-09T14:24:29 IST" name="Test" finished-at="2024-09-09T14:24:33 IST" duration-ms="3828">
      <class name="day8.UpdateUser">
        <test-method signature="test_UpdateUser(org.testng.ITestContext)[pri:0, instance:day8.UpdateUser@37f1104d]" started-at="2024-09-09T14:24:32 IST" name="test_UpdateUser" finished-at="2024-09-09T14:24:32 IST" duration-ms="453" status="PASS">
          <params>
            <param index="0">
              <value>
                <![CDATA[org.testng.TestRunner@67f639d3]]>
              </value>
            </param>
          </params>
          <reporter-output>
          </reporter-output>
        </test-method> <!-- test_UpdateUser -->
      </class> <!-- day8.UpdateUser -->
      <class name="day8.getUser">
        <test-method signature="test_GetUser(org.testng.ITestContext)[pri:0, instance:day8.getUser@740773a3]" started-at="2024-09-09T14:24:31 IST" name="test_GetUser" finished-at="2024-09-09T14:24:32 IST" duration-ms="632" status="PASS">
          <params>
            <param index="0">
              <value>
                <![CDATA[org.testng.TestRunner@67f639d3]]>
              </value>
            </param>
          </params>
          <reporter-output>
          </reporter-output>
        </test-method> <!-- test_GetUser -->
      </class> <!-- day8.getUser -->
      <class name="day8.DeleteUser">
        <test-method signature="test_DeleteUserByID(org.testng.ITestContext)[pri:0, instance:day8.DeleteUser@55740540]" started-at="2024-09-09T14:24:32 IST" name="test_DeleteUserByID" finished-at="2024-09-09T14:24:33 IST" duration-ms="695" status="PASS">
          <params>
            <param index="0">
              <value>
                <![CDATA[org.testng.TestRunner@67f639d3]]>
              </value>
            </param>
          </params>
          <reporter-output>
          </reporter-output>
        </test-method> <!-- test_DeleteUserByID -->
      </class> <!-- day8.DeleteUser -->
      <class name="day8.CreateUser">
        <test-method signature="test_CreateUser(org.testng.ITestContext)[pri:0, instance:day8.CreateUser@672872e1]" started-at="2024-09-09T14:24:29 IST" name="test_CreateUser" finished-at="2024-09-09T14:24:31 IST" duration-ms="2017" status="PASS">
          <params>
            <param index="0">
              <value>
                <![CDATA[org.testng.TestRunner@67f639d3]]>
              </value>
            </param>
          </params>
          <reporter-output>
          </reporter-output>
        </test-method> <!-- test_CreateUser -->
      </class> <!-- day8.CreateUser -->
    </test> <!-- Test -->
  </suite> <!-- Suite -->
</testng-results>
